# JRE version: Java(TM) SE Runtime Environment (9.0+11) (build 9.0.4+11)
# Java VM: Java HotSpot(TM) 64-Bit Server VM (9.0.4+11, mixed mode, tiered, compressed oops, g1 gc, windows-amd64)
Heap:
 garbage-first heap   total 286720K, used 141653K [0x0000000700000000, 0x00000007001008c0, 0x00000007c0000000)
  region size 1024K, 53 young (54272K), 2 survivors (2048K)
 Metaspace       used 92885K, capacity 99919K, committed 100096K, reserved 1136640K
  class space    used 12564K, capacity 13772K, committed 13824K, reserved 1048576K
GC Heap History (10 events):
Event: 2611.865 GC heap before
{Heap before GC invocations=352 (full 154):
 garbage-first heap   total 286720K, used 149546K [0x0000000700000000, 0x00000007001008c0, 0x00000007c0000000)
  region size 1024K, 60 young (61440K), 2 survivors (2048K)
 Metaspace       used 92713K, capacity 99683K, committed 99840K, reserved 1134592K
  class space    used 12547K, capacity 13738K, committed 13824K, reserved 1048576K
}
Event: 2611.868 GC heap after
{Heap after GC invocations=353 (full 154):
 garbage-first heap   total 286720K, used 90480K [0x0000000700000000, 0x00000007001008c0, 0x00000007c0000000)
  region size 1024K, 3 young (3072K), 3 survivors (3072K)
 Metaspace       used 92713K, capacity 99683K, committed 99840K, reserved 1134592K
  class space    used 12547K, capacity 13738K, committed 13824K, reserved 1048576K
}
Event: 2657.450 GC heap before
{Heap before GC invocations=353 (full 154):
 garbage-first heap   total 286720K, used 148848K [0x0000000700000000, 0x00000007001008c0, 0x00000007c0000000)
  region size 1024K, 60 young (61440K), 3 survivors (3072K)
 Metaspace       used 92738K, capacity 99747K, committed 99840K, reserved 1134592K
  class space    used 12547K, capacity 13738K, committed 13824K, reserved 1048576K
}
Event: 2657.453 GC heap after
{Heap after GC invocations=354 (full 154):
 garbage-first heap   total 286720K, used 90512K [0x0000000700000000, 0x00000007001008c0, 0x00000007c0000000)
  region size 1024K, 3 young (3072K), 3 survivors (3072K)
 Metaspace       used 92738K, capacity 99747K, committed 99840K, reserved 1134592K
  class space    used 12547K, capacity 13738K, committed 13824K, reserved 1048576K
}
Event: 2660.649 GC heap before
{Heap before GC invocations=354 (full 154):
 garbage-first heap   total 286720K, used 148880K [0x0000000700000000, 0x00000007001008c0, 0x00000007c0000000)
  region size 1024K, 60 young (61440K), 3 survivors (3072K)
 Metaspace       used 92739K, capacity 99747K, committed 99840K, reserved 1134592K
  class space    used 12547K, capacity 13738K, committed 13824K, reserved 1048576K
}
Event: 2660.651 GC heap after
{Heap after GC invocations=355 (full 154):
 garbage-first heap   total 286720K, used 90424K [0x0000000700000000, 0x00000007001008c0, 0x00000007c0000000)
  region size 1024K, 2 young (2048K), 2 survivors (2048K)
 Metaspace       used 92739K, capacity 99747K, committed 99840K, reserved 1134592K
  class space    used 12547K, capacity 13738K, committed 13824K, reserved 1048576K
}
Event: 2670.367 GC heap before
{Heap before GC invocations=355 (full 154):
 garbage-first heap   total 286720K, used 149816K [0x0000000700000000, 0x00000007001008c0, 0x00000007c0000000)
  region size 1024K, 60 young (61440K), 2 survivors (2048K)
 Metaspace       used 92784K, capacity 99747K, committed 99840K, reserved 1134592K
  class space    used 12547K, capacity 13738K, committed 13824K, reserved 1048576K
}
Event: 2670.370 GC heap after
{Heap after GC invocations=356 (full 154):
 garbage-first heap   total 286720K, used 90416K [0x0000000700000000, 0x00000007001008c0, 0x00000007c0000000)
  region size 1024K, 2 young (2048K), 2 survivors (2048K)
 Metaspace       used 92784K, capacity 99747K, committed 99840K, reserved 1134592K
  class space    used 12547K, capacity 13738K, committed 13824K, reserved 1048576K
}
Event: 2684.255 GC heap before
{Heap before GC invocations=356 (full 154):
 garbage-first heap   total 286720K, used 149808K [0x0000000700000000, 0x00000007001008c0, 0x00000007c0000000)
  region size 1024K, 60 young (61440K), 2 survivors (2048K)
 Metaspace       used 92791K, capacity 99811K, committed 100096K, reserved 1136640K
  class space    used 12548K, capacity 13738K, committed 13824K, reserved 1048576K
}
Event: 2684.258 GC heap after
{Heap after GC invocations=357 (full 154):
 garbage-first heap   total 286720K, used 90453K [0x0000000700000000, 0x00000007001008c0, 0x00000007c0000000)
  region size 1024K, 2 young (2048K), 2 survivors (2048K)
 Metaspace       used 92791K, capacity 99811K, committed 100096K, reserved 1136640K
  class space    used 12548K, capacity 13738K, committed 13824K, reserved 1048576K
}

