# JRE version: Java(TM) SE Runtime Environment (9.0+11) (build 9.0.4+11)
# Java VM: Java HotSpot(TM) 64-Bit Server VM (9.0.4+11, mixed mode, tiered, compressed oops, g1 gc, windows-amd64)
Heap:
 garbage-first heap   total 285696K, used 185889K [0x0000000700000000, 0x00000007001008b8, 0x00000007c0000000)
  region size 1024K, 13 young (13312K), 1 survivors (1024K)
 Metaspace       used 98708K, capacity 101643K, committed 107520K, reserved 1142784K
  class space    used 13030K, capacity 13638K, committed 14848K, reserved 1048576K
GC Heap History (10 events):
Event: 356730.257 GC heap before
{Heap before GC invocations=7162 (full 2751):
 garbage-first heap   total 285696K, used 227141K [0x0000000700000000, 0x00000007001008b8, 0x00000007c0000000)
  region size 1024K, 60 young (61440K), 1 survivors (1024K)
 Metaspace       used 98664K, capacity 101543K, committed 107520K, reserved 1142784K
  class space    used 13018K, capacity 13618K, committed 14848K, reserved 1048576K
}
Event: 356730.259 GC heap after
{Heap after GC invocations=7163 (full 2751):
 garbage-first heap   total 285696K, used 166788K [0x0000000700000000, 0x00000007001008b8, 0x00000007c0000000)
  region size 1024K, 1 young (1024K), 1 survivors (1024K)
 Metaspace       used 98664K, capacity 101543K, committed 107520K, reserved 1142784K
  class space    used 13018K, capacity 13618K, committed 14848K, reserved 1048576K
}
Event: 356731.251 GC heap before
{Heap before GC invocations=7164 (full 2751):
 garbage-first heap   total 285696K, used 200580K [0x0000000700000000, 0x00000007001008b8, 0x00000007c0000000)
  region size 1024K, 35 young (35840K), 1 survivors (1024K)
 Metaspace       used 98664K, capacity 101543K, committed 107520K, reserved 1142784K
  class space    used 13018K, capacity 13618K, committed 14848K, reserved 1048576K
}
Event: 356731.252 GC heap after
{Heap after GC invocations=7165 (full 2751):
 garbage-first heap   total 285696K, used 166750K [0x0000000700000000, 0x00000007001008b8, 0x00000007c0000000)
  region size 1024K, 1 young (1024K), 1 survivors (1024K)
 Metaspace       used 98664K, capacity 101543K, committed 107520K, reserved 1142784K
  class space    used 13018K, capacity 13618K, committed 14848K, reserved 1048576K
}
Event: 356731.721 GC heap before
{Heap before GC invocations=7166 (full 2751):
 garbage-first heap   total 285696K, used 235358K [0x0000000700000000, 0x00000007001008b8, 0x00000007c0000000)
  region size 1024K, 60 young (61440K), 1 survivors (1024K)
 Metaspace       used 98664K, capacity 101543K, committed 107520K, reserved 1142784K
  class space    used 13018K, capacity 13618K, committed 14848K, reserved 1048576K
}
Event: 356731.723 GC heap after
{Heap after GC invocations=7167 (full 2751):
 garbage-first heap   total 285696K, used 175117K [0x0000000700000000, 0x00000007001008b8, 0x00000007c0000000)
  region size 1024K, 1 young (1024K), 1 survivors (1024K)
 Metaspace       used 98664K, capacity 101543K, committed 107520K, reserved 1142784K
  class space    used 13018K, capacity 13618K, committed 14848K, reserved 1048576K
}
Event: 356732.064 GC heap before
{Heap before GC invocations=7167 (full 2751):
 garbage-first heap   total 285696K, used 235533K [0x0000000700000000, 0x00000007001008b8, 0x00000007c0000000)
  region size 1024K, 60 young (61440K), 1 survivors (1024K)
 Metaspace       used 98664K, capacity 101543K, committed 107520K, reserved 1142784K
  class space    used 13018K, capacity 13618K, committed 14848K, reserved 1048576K
}
Event: 356732.067 GC heap after
{Heap after GC invocations=7168 (full 2751):
 garbage-first heap   total 285696K, used 171152K [0x0000000700000000, 0x00000007001008b8, 0x00000007c0000000)
  region size 1024K, 1 young (1024K), 1 survivors (1024K)
 Metaspace       used 98664K, capacity 101543K, committed 107520K, reserved 1142784K
  class space    used 13018K, capacity 13618K, committed 14848K, reserved 1048576K
}
Event: 356736.460 GC heap before
{Heap before GC invocations=7169 (full 2751):
 garbage-first heap   total 285696K, used 193680K [0x0000000700000000, 0x00000007001008b8, 0x00000007c0000000)
  region size 1024K, 24 young (24576K), 1 survivors (1024K)
 Metaspace       used 98664K, capacity 101543K, committed 107520K, reserved 1142784K
  class space    used 13018K, capacity 13618K, committed 14848K, reserved 1048576K
}
Event: 356736.463 GC heap after
{Heap after GC invocations=7170 (full 2751):
 garbage-first heap   total 285696K, used 171553K [0x0000000700000000, 0x00000007001008b8, 0x00000007c0000000)
  region size 1024K, 1 young (1024K), 1 survivors (1024K)
 Metaspace       used 98664K, capacity 101543K, committed 107520K, reserved 1142784K
  class space    used 13018K, capacity 13618K, committed 14848K, reserved 1048576K
}

