# JRE version: Java(TM) SE Runtime Environment (9.0+11) (build 9.0.4+11)
# Java VM: Java HotSpot(TM) 64-Bit Server VM (9.0.4+11, mixed mode, tiered, compressed oops, g1 gc, windows-amd64)
Heap:
 garbage-first heap   total 216064K, used 114591K [0x0000000700000000, 0x0000000700100698, 0x00000007c0000000)
  region size 1024K, 43 young (44032K), 3 survivors (3072K)
 Metaspace       used 82619K, capacity 88437K, committed 88576K, reserved 1126400K
  class space    used 11257K, capacity 12265K, committed 12288K, reserved 1048576K
GC Heap History (10 events):
Event: 91.680 GC heap before
{Heap before GC invocations=119 (full 63):
 garbage-first heap   total 216064K, used 100686K [0x0000000700000000, 0x0000000700100698, 0x00000007c0000000)
  region size 1024K, 21 young (21504K), 1 survivors (1024K)
 Metaspace       used 80747K, capacity 85959K, committed 86272K, reserved 1124352K
  class space    used 11010K, capacity 11914K, committed 12032K, reserved 1048576K
}
Event: 91.682 GC heap after
{Heap after GC invocations=120 (full 63):
 garbage-first heap   total 216064K, used 81588K [0x0000000700000000, 0x0000000700100698, 0x00000007c0000000)
  region size 1024K, 1 young (1024K), 1 survivors (1024K)
 Metaspace       used 80747K, capacity 85959K, committed 86272K, reserved 1124352K
  class space    used 11010K, capacity 11914K, committed 12032K, reserved 1048576K
}
Event: 93.503 GC heap before
{Heap before GC invocations=120 (full 63):
 garbage-first heap   total 216064K, used 142004K [0x0000000700000000, 0x0000000700100698, 0x00000007c0000000)
  region size 1024K, 60 young (61440K), 1 survivors (1024K)
 Metaspace       used 81183K, capacity 87015K, committed 87168K, reserved 1124352K
  class space    used 11120K, capacity 12134K, committed 12160K, reserved 1048576K
}
Event: 93.507 GC heap after
{Heap after GC invocations=121 (full 63):
 garbage-first heap   total 216064K, used 73847K [0x0000000700000000, 0x0000000700100698, 0x00000007c0000000)
  region size 1024K, 2 young (2048K), 2 survivors (2048K)
 Metaspace       used 81183K, capacity 87015K, committed 87168K, reserved 1124352K
  class space    used 11120K, capacity 12134K, committed 12160K, reserved 1048576K
}
Event: 99.613 GC heap before
{Heap before GC invocations=121 (full 63):
 garbage-first heap   total 216064K, used 133239K [0x0000000700000000, 0x0000000700100698, 0x00000007c0000000)
  region size 1024K, 60 young (61440K), 2 survivors (2048K)
 Metaspace       used 81312K, capacity 87111K, committed 87296K, reserved 1124352K
  class space    used 11123K, capacity 12166K, committed 12288K, reserved 1048576K
}
Event: 99.616 GC heap after
{Heap after GC invocations=122 (full 63):
 garbage-first heap   total 216064K, used 73997K [0x0000000700000000, 0x0000000700100698, 0x00000007c0000000)
  region size 1024K, 2 young (2048K), 2 survivors (2048K)
 Metaspace       used 81312K, capacity 87111K, committed 87296K, reserved 1124352K
  class space    used 11123K, capacity 12166K, committed 12288K, reserved 1048576K
}
Event: 103.336 GC heap before
{Heap before GC invocations=122 (full 63):
 garbage-first heap   total 216064K, used 133389K [0x0000000700000000, 0x0000000700100698, 0x00000007c0000000)
  region size 1024K, 60 young (61440K), 2 survivors (2048K)
 Metaspace       used 81391K, capacity 87245K, committed 87552K, reserved 1124352K
  class space    used 11123K, capacity 12167K, committed 12288K, reserved 1048576K
}
Event: 103.338 GC heap after
{Heap after GC invocations=123 (full 63):
 garbage-first heap   total 216064K, used 73838K [0x0000000700000000, 0x0000000700100698, 0x00000007c0000000)
  region size 1024K, 2 young (2048K), 2 survivors (2048K)
 Metaspace       used 81391K, capacity 87245K, committed 87552K, reserved 1124352K
  class space    used 11123K, capacity 12167K, committed 12288K, reserved 1048576K
}
Event: 106.345 GC heap before
{Heap before GC invocations=123 (full 63):
 garbage-first heap   total 216064K, used 133230K [0x0000000700000000, 0x0000000700100698, 0x00000007c0000000)
  region size 1024K, 60 young (61440K), 2 survivors (2048K)
 Metaspace       used 82568K, capacity 88373K, committed 88576K, reserved 1126400K
  class space    used 11249K, capacity 12265K, committed 12288K, reserved 1048576K
}
Event: 106.348 GC heap after
{Heap after GC invocations=124 (full 63):
 garbage-first heap   total 216064K, used 74655K [0x0000000700000000, 0x0000000700100698, 0x00000007c0000000)
  region size 1024K, 3 young (3072K), 3 survivors (3072K)
 Metaspace       used 82568K, capacity 88373K, committed 88576K, reserved 1126400K
  class space    used 11249K, capacity 12265K, committed 12288K, reserved 1048576K
}

